# JRE version: Java(TM) SE Runtime Environment (8.0_65-b17) (build 1.8.0_65-b17)
# Java VM: Java HotSpot(TM) 64-Bit Server VM (25.65-b01 mixed mode windows-amd64 compressed oops)
Heap:
 PSYoungGen      total 205824K, used 106100K [0x00000000eab00000, 0x00000000fc780000, 0x0000000100000000)
  eden space 176640K, 58% used [0x00000000eab00000,0x00000000f0fc50e0,0x00000000f5780000)
  from space 29184K, 9% used [0x00000000fab00000,0x00000000fadd8000,0x00000000fc780000)
  to   space 22016K, 0% used [0x00000000f5780000,0x00000000f5780000,0x00000000f6d00000)
 ParOldGen       total 107008K, used 69158K [0x00000000c0000000, 0x00000000c6880000, 0x00000000eab00000)
  object space 107008K, 64% used [0x00000000c0000000,0x00000000c43899a0,0x00000000c6880000)
 Metaspace       used 52814K, capacity 54792K, committed 55040K, reserved 1097728K
  class space    used 7187K, capacity 7632K, committed 7680K, reserved 1048576K
GC Heap History (10 events):
Event: 49.598 GC heap before
{Heap before GC invocations=16 (full 3):
 PSYoungGen      total 191488K, used 15864K [0x00000000eab00000, 0x00000000f8380000, 0x0000000100000000)
  eden space 175616K, 0% used [0x00000000eab00000,0x00000000eab00000,0x00000000f5680000)
  from space 15872K, 99% used [0x00000000f5a80000,0x00000000f69fe290,0x00000000f6a00000)
  to   space 23040K, 0% used [0x00000000f6d00000,0x00000000f6d00000,0x00000000f8380000)
 ParOldGen       total 54784K, used 28486K [0x00000000c0000000, 0x00000000c3580000, 0x00000000eab00000)
  object space 54784K, 51% used [0x00000000c0000000,0x00000000c1bd18d8,0x00000000c3580000)
 Metaspace       used 48642K, capacity 50382K, committed 50688K, reserved 1093632K
  class space    used 6677K, capacity 7078K, committed 7168K, reserved 1048576K
Event: 50.269 GC heap after
Heap after GC invocations=16 (full 3):
 PSYoungGen      total 191488K, used 0K [0x00000000eab00000, 0x00000000f8380000, 0x0000000100000000)
  eden space 175616K, 0% used [0x00000000eab00000,0x00000000eab00000,0x00000000f5680000)
  from space 15872K, 0% used [0x00000000f5a80000,0x00000000f5a80000,0x00000000f6a00000)
  to   space 23040K, 0% used [0x00000000f6d00000,0x00000000f6d00000,0x00000000f8380000)
 ParOldGen       total 54784K, used 42817K [0x00000000c0000000, 0x00000000c3580000, 0x00000000eab00000)
  object space 54784K, 78% used [0x00000000c0000000,0x00000000c29d0608,0x00000000c3580000)
 Metaspace       used 48642K, capacity 50382K, committed 50688K, reserved 1093632K
  class space    used 6677K, capacity 7078K, committed 7168K, reserved 1048576K
}
Event: 89.172 GC heap before
{Heap before GC invocations=17 (full 3):
 PSYoungGen      total 191488K, used 175616K [0x00000000eab00000, 0x00000000f8380000, 0x0000000100000000)
  eden space 175616K, 100% used [0x00000000eab00000,0x00000000f5680000,0x00000000f5680000)
  from space 15872K, 0% used [0x00000000f5a80000,0x00000000f5a80000,0x00000000f6a00000)
  to   space 23040K, 0% used [0x00000000f6d00000,0x00000000f6d00000,0x00000000f8380000)
 ParOldGen       total 54784K, used 42817K [0x00000000c0000000, 0x00000000c3580000, 0x00000000eab00000)
  object space 54784K, 78% used [0x00000000c0000000,0x00000000c29d0608,0x00000000c3580000)
 Metaspace       used 51268K, capacity 53202K, committed 53248K, reserved 1095680K
  class space    used 6989K, capacity 7415K, committed 7424K, reserved 1048576K
Event: 89.182 GC heap after
Heap after GC invocations=17 (full 3):
 PSYoungGen      total 199680K, used 7173K [0x00000000eab00000, 0x00000000fbb00000, 0x0000000100000000)
  eden space 176640K, 0% used [0x00000000eab00000,0x00000000eab00000,0x00000000f5780000)
  from space 23040K, 31% used [0x00000000f6d00000,0x00000000f7401620,0x00000000f8380000)
  to   space 22016K, 0% used [0x00000000f5780000,0x00000000f5780000,0x00000000f6d00000)
 ParOldGen       total 54784K, used 42825K [0x00000000c0000000, 0x00000000c3580000, 0x00000000eab00000)
  object space 54784K, 78% used [0x00000000c0000000,0x00000000c29d2608,0x00000000c3580000)
 Metaspace       used 51268K, capacity 53202K, committed 53248K, reserved 1095680K
  class space    used 6989K, capacity 7415K, committed 7424K, reserved 1048576K
}
Event: 96.091 GC heap before
{Heap before GC invocations=18 (full 3):
 PSYoungGen      total 199680K, used 183813K [0x00000000eab00000, 0x00000000fbb00000, 0x0000000100000000)
  eden space 176640K, 100% used [0x00000000eab00000,0x00000000f5780000,0x00000000f5780000)
  from space 23040K, 31% used [0x00000000f6d00000,0x00000000f7401620,0x00000000f8380000)
  to   space 22016K, 0% used [0x00000000f5780000,0x00000000f5780000,0x00000000f6d00000)
 ParOldGen       total 54784K, used 42825K [0x00000000c0000000, 0x00000000c3580000, 0x00000000eab00000)
  object space 54784K, 78% used [0x00000000c0000000,0x00000000c29d2608,0x00000000c3580000)
 Metaspace       used 52779K, capacity 54792K, committed 55040K, reserved 1097728K
  class space    used 7187K, capacity 7632K, committed 7680K, reserved 1048576K
Event: 96.137 GC heap after
Heap after GC invocations=18 (full 3):
 PSYoungGen      total 198656K, used 22005K [0x00000000eab00000, 0x00000000fc780000, 0x0000000100000000)
  eden space 176640K, 0% used [0x00000000eab00000,0x00000000eab00000,0x00000000f5780000)
  from space 22016K, 99% used [0x00000000f5780000,0x00000000f6cfd610,0x00000000f6d00000)
  to   space 29184K, 0% used [0x00000000fab00000,0x00000000fab00000,0x00000000fc780000)
 ParOldGen       total 54784K, used 52185K [0x00000000c0000000, 0x00000000c3580000, 0x00000000eab00000)
  object space 54784K, 95% used [0x00000000c0000000,0x00000000c32f6420,0x00000000c3580000)
 Metaspace       used 52779K, capacity 54792K, committed 55040K, reserved 1097728K
  class space    used 7187K, capacity 7632K, committed 7680K, reserved 1048576K
}
Event: 96.137 GC heap before
{Heap before GC invocations=19 (full 4):
 PSYoungGen      total 198656K, used 22005K [0x00000000eab00000, 0x00000000fc780000, 0x0000000100000000)
  eden space 176640K, 0% used [0x00000000eab00000,0x00000000eab00000,0x00000000f5780000)
  from space 22016K, 99% used [0x00000000f5780000,0x00000000f6cfd610,0x00000000f6d00000)
  to   space 29184K, 0% used [0x00000000fab00000,0x00000000fab00000,0x00000000fc780000)
 ParOldGen       total 54784K, used 52185K [0x00000000c0000000, 0x00000000c3580000, 0x00000000eab00000)
  object space 54784K, 95% used [0x00000000c0000000,0x00000000c32f6420,0x00000000c3580000)
 Metaspace       used 52779K, capacity 54792K, committed 55040K, reserved 1097728K
  class space    used 7187K, capacity 7632K, committed 7680K, reserved 1048576K
Event: 96.679 GC heap after
Heap after GC invocations=19 (full 4):
 PSYoungGen      total 198656K, used 15326K [0x00000000eab00000, 0x00000000fc780000, 0x0000000100000000)
  eden space 176640K, 0% used [0x00000000eab00000,0x00000000eab00000,0x00000000f5780000)
  from space 22016K, 69% used [0x00000000f5780000,0x00000000f66779d0,0x00000000f6d00000)
  to   space 29184K, 0% used [0x00000000fab00000,0x00000000fab00000,0x00000000fc780000)
 ParOldGen       total 107008K, used 54750K [0x00000000c0000000, 0x00000000c6880000, 0x00000000eab00000)
  object space 107008K, 51% used [0x00000000c0000000,0x00000000c35779e0,0x00000000c6880000)
 Metaspace       used 52779K, capacity 54792K, committed 55040K, reserved 1097728K
  class space    used 7187K, capacity 7632K, committed 7680K, reserved 1048576K
}
Event: 96.962 GC heap before
{Heap before GC invocations=20 (full 4):
 PSYoungGen      total 198656K, used 191966K [0x00000000eab00000, 0x00000000fc780000, 0x0000000100000000)
  eden space 176640K, 100% used [0x00000000eab00000,0x00000000f5780000,0x00000000f5780000)
  from space 22016K, 69% used [0x00000000f5780000,0x00000000f66779d0,0x00000000f6d00000)
  to   space 29184K, 0% used [0x00000000fab00000,0x00000000fab00000,0x00000000fc780000)
 ParOldGen       total 107008K, used 54750K [0x00000000c0000000, 0x00000000c6880000, 0x00000000eab00000)
  object space 107008K, 51% used [0x00000000c0000000,0x00000000c35779e0,0x00000000c6880000)
 Metaspace       used 52810K, capacity 54792K, committed 55040K, reserved 1097728K
  class space    used 7187K, capacity 7632K, committed 7680K, reserved 1048576K
Event: 97.005 GC heap after
Heap after GC invocations=20 (full 4):
 PSYoungGen      total 205824K, used 2912K [0x00000000eab00000, 0x00000000fc780000, 0x0000000100000000)
  eden space 176640K, 0% used [0x00000000eab00000,0x00000000eab00000,0x00000000f5780000)
  from space 29184K, 9% used [0x00000000fab00000,0x00000000fadd8000,0x00000000fc780000)
  to   space 22016K, 0% used [0x00000000f5780000,0x00000000f5780000,0x00000000f6d00000)
 ParOldGen       total 107008K, used 69158K [0x00000000c0000000, 0x00000000c6880000, 0x00000000eab00000)
  object space 107008K, 64% used [0x00000000c0000000,0x00000000c43899a0,0x00000000c6880000)
 Metaspace       used 52810K, capacity 54792K, committed 55040K, reserved 1097728K
  class space    used 7187K, capacity 7632K, committed 7680K, reserved 1048576K
}

