# JRE version: Java(TM) SE Runtime Environment (8.0_65-b17) (build 1.8.0_65-b17)
# Java VM: Java HotSpot(TM) 64-Bit Server VM (25.65-b01 mixed mode windows-amd64 compressed oops)
Heap:
 PSYoungGen      total 149504K, used 15909K [0x00000000eab00000, 0x00000000f4d00000, 0x0000000100000000)
  eden space 142336K, 11% used [0x00000000eab00000,0x00000000eba89648,0x00000000f3600000)
  from space 7168K, 0% used [0x00000000f3600000,0x00000000f3600000,0x00000000f3d00000)
  to   space 11776K, 0% used [0x00000000f4180000,0x00000000f4180000,0x00000000f4d00000)
 ParOldGen       total 90624K, used 50928K [0x00000000c0000000, 0x00000000c5880000, 0x00000000eab00000)
  object space 90624K, 56% used [0x00000000c0000000,0x00000000c31bc0c8,0x00000000c5880000)
 Metaspace       used 54838K, capacity 58100K, committed 58240K, reserved 1099776K
  class space    used 7396K, capacity 8011K, committed 8064K, reserved 1048576K
GC Heap History (10 events):
Event: 232.906 GC heap before
{Heap before GC invocations=31 (full 5):
 PSYoungGen      total 160256K, used 153600K [0x00000000eab00000, 0x00000000f5c00000, 0x0000000100000000)
  eden space 153600K, 100% used [0x00000000eab00000,0x00000000f4100000,0x00000000f4100000)
  from space 6656K, 0% used [0x00000000f4100000,0x00000000f4100000,0x00000000f4780000)
  to   space 13824K, 0% used [0x00000000f4e80000,0x00000000f4e80000,0x00000000f5c00000)
 ParOldGen       total 90624K, used 46178K [0x00000000c0000000, 0x00000000c5880000, 0x00000000eab00000)
  object space 90624K, 50% used [0x00000000c0000000,0x00000000c2d188f0,0x00000000c5880000)
 Metaspace       used 53824K, capacity 56606K, committed 56832K, reserved 1097728K
  class space    used 7284K, capacity 7853K, committed 7936K, reserved 1048576K
Event: 232.928 GC heap after
Heap after GC invocations=31 (full 5):
 PSYoungGen      total 167936K, used 4965K [0x00000000eab00000, 0x00000000f6d80000, 0x0000000100000000)
  eden space 154112K, 0% used [0x00000000eab00000,0x00000000eab00000,0x00000000f4180000)
  from space 13824K, 35% used [0x00000000f4e80000,0x00000000f5359620,0x00000000f5c00000)
  to   space 13312K, 0% used [0x00000000f4180000,0x00000000f4180000,0x00000000f4e80000)
 ParOldGen       total 90624K, used 46186K [0x00000000c0000000, 0x00000000c5880000, 0x00000000eab00000)
  object space 90624K, 50% used [0x00000000c0000000,0x00000000c2d1a8f0,0x00000000c5880000)
 Metaspace       used 53824K, capacity 56606K, committed 56832K, reserved 1097728K
  class space    used 7284K, capacity 7853K, committed 7936K, reserved 1048576K
}
Event: 553.027 GC heap before
{Heap before GC invocations=32 (full 5):
 PSYoungGen      total 167936K, used 159077K [0x00000000eab00000, 0x00000000f6d80000, 0x0000000100000000)
  eden space 154112K, 100% used [0x00000000eab00000,0x00000000f4180000,0x00000000f4180000)
  from space 13824K, 35% used [0x00000000f4e80000,0x00000000f5359620,0x00000000f5c00000)
  to   space 13312K, 0% used [0x00000000f4180000,0x00000000f4180000,0x00000000f4e80000)
 ParOldGen       total 90624K, used 46186K [0x00000000c0000000, 0x00000000c5880000, 0x00000000eab00000)
  object space 90624K, 50% used [0x00000000c0000000,0x00000000c2d1a8f0,0x00000000c5880000)
 Metaspace       used 54179K, capacity 56986K, committed 57088K, reserved 1097728K
  class space    used 7320K, capacity 7910K, committed 7936K, reserved 1048576K
Event: 553.149 GC heap after
Heap after GC invocations=32 (full 5):
 PSYoungGen      total 153088K, used 5045K [0x00000000eab00000, 0x00000000f5480000, 0x0000000100000000)
  eden space 147968K, 0% used [0x00000000eab00000,0x00000000eab00000,0x00000000f3b80000)
  from space 5120K, 98% used [0x00000000f4180000,0x00000000f466d650,0x00000000f4680000)
  to   space 12800K, 0% used [0x00000000f4800000,0x00000000f4800000,0x00000000f5480000)
 ParOldGen       total 90624K, used 46194K [0x00000000c0000000, 0x00000000c5880000, 0x00000000eab00000)
  object space 90624K, 50% used [0x00000000c0000000,0x00000000c2d1c8f0,0x00000000c5880000)
 Metaspace       used 54179K, capacity 56986K, committed 57088K, reserved 1097728K
  class space    used 7320K, capacity 7910K, committed 7936K, reserved 1048576K
}
Event: 562.856 GC heap before
{Heap before GC invocations=33 (full 5):
 PSYoungGen      total 153088K, used 153013K [0x00000000eab00000, 0x00000000f5480000, 0x0000000100000000)
  eden space 147968K, 100% used [0x00000000eab00000,0x00000000f3b80000,0x00000000f3b80000)
  from space 5120K, 98% used [0x00000000f4180000,0x00000000f466d650,0x00000000f4680000)
  to   space 12800K, 0% used [0x00000000f4800000,0x00000000f4800000,0x00000000f5480000)
 ParOldGen       total 90624K, used 46194K [0x00000000c0000000, 0x00000000c5880000, 0x00000000eab00000)
  object space 90624K, 50% used [0x00000000c0000000,0x00000000c2d1c8f0,0x00000000c5880000)
 Metaspace       used 54447K, capacity 57564K, committed 57728K, reserved 1099776K
  class space    used 7354K, capacity 7945K, committed 8064K, reserved 1048576K
Event: 562.879 GC heap after
Heap after GC invocations=33 (full 5):
 PSYoungGen      total 148480K, used 5226K [0x00000000eab00000, 0x00000000f4e00000, 0x0000000100000000)
  eden space 142336K, 0% used [0x00000000eab00000,0x00000000eab00000,0x00000000f3600000)
  from space 6144K, 85% used [0x00000000f4800000,0x00000000f4d1a950,0x00000000f4e00000)
  to   space 12288K, 0% used [0x00000000f3600000,0x00000000f3600000,0x00000000f4200000)
 ParOldGen       total 90624K, used 46202K [0x00000000c0000000, 0x00000000c5880000, 0x00000000eab00000)
  object space 90624K, 50% used [0x00000000c0000000,0x00000000c2d1e8f0,0x00000000c5880000)
 Metaspace       used 54447K, capacity 57564K, committed 57728K, reserved 1099776K
  class space    used 7354K, capacity 7945K, committed 8064K, reserved 1048576K
}
Event: 568.337 GC heap before
{Heap before GC invocations=34 (full 5):
 PSYoungGen      total 148480K, used 53137K [0x00000000eab00000, 0x00000000f4e00000, 0x0000000100000000)
  eden space 142336K, 33% used [0x00000000eab00000,0x00000000ed9c9d48,0x00000000f3600000)
  from space 6144K, 85% used [0x00000000f4800000,0x00000000f4d1a950,0x00000000f4e00000)
  to   space 12288K, 0% used [0x00000000f3600000,0x00000000f3600000,0x00000000f4200000)
 ParOldGen       total 90624K, used 46202K [0x00000000c0000000, 0x00000000c5880000, 0x00000000eab00000)
  object space 90624K, 50% used [0x00000000c0000000,0x00000000c2d1e8f0,0x00000000c5880000)
 Metaspace       used 54828K, capacity 58020K, committed 58240K, reserved 1099776K
  class space    used 7406K, capacity 8017K, committed 8064K, reserved 1048576K
Event: 568.349 GC heap after
Heap after GC invocations=34 (full 5):
 PSYoungGen      total 149504K, used 6670K [0x00000000eab00000, 0x00000000f4d00000, 0x0000000100000000)
  eden space 142336K, 0% used [0x00000000eab00000,0x00000000eab00000,0x00000000f3600000)
  from space 7168K, 93% used [0x00000000f3600000,0x00000000f3c838c0,0x00000000f3d00000)
  to   space 11776K, 0% used [0x00000000f4180000,0x00000000f4180000,0x00000000f4d00000)
 ParOldGen       total 90624K, used 46210K [0x00000000c0000000, 0x00000000c5880000, 0x00000000eab00000)
  object space 90624K, 50% used [0x00000000c0000000,0x00000000c2d208f0,0x00000000c5880000)
 Metaspace       used 54828K, capacity 58020K, committed 58240K, reserved 1099776K
  class space    used 7406K, capacity 8017K, committed 8064K, reserved 1048576K
}
Event: 568.349 GC heap before
{Heap before GC invocations=35 (full 6):
 PSYoungGen      total 149504K, used 6670K [0x00000000eab00000, 0x00000000f4d00000, 0x0000000100000000)
  eden space 142336K, 0% used [0x00000000eab00000,0x00000000eab00000,0x00000000f3600000)
  from space 7168K, 93% used [0x00000000f3600000,0x00000000f3c838c0,0x00000000f3d00000)
  to   space 11776K, 0% used [0x00000000f4180000,0x00000000f4180000,0x00000000f4d00000)
 ParOldGen       total 90624K, used 46210K [0x00000000c0000000, 0x00000000c5880000, 0x00000000eab00000)
  object space 90624K, 50% used [0x00000000c0000000,0x00000000c2d208f0,0x00000000c5880000)
 Metaspace       used 54828K, capacity 58020K, committed 58240K, reserved 1099776K
  class space    used 7406K, capacity 8017K, committed 8064K, reserved 1048576K
Event: 569.102 GC heap after
Heap after GC invocations=35 (full 6):
 PSYoungGen      total 149504K, used 0K [0x00000000eab00000, 0x00000000f4d00000, 0x0000000100000000)
  eden space 142336K, 0% used [0x00000000eab00000,0x00000000eab00000,0x00000000f3600000)
  from space 7168K, 0% used [0x00000000f3600000,0x00000000f3600000,0x00000000f3d00000)
  to   space 11776K, 0% used [0x00000000f4180000,0x00000000f4180000,0x00000000f4d00000)
 ParOldGen       total 90624K, used 50928K [0x00000000c0000000, 0x00000000c5880000, 0x00000000eab00000)
  object space 90624K, 56% used [0x00000000c0000000,0x00000000c31bc0c8,0x00000000c5880000)
 Metaspace       used 54728K, capacity 57844K, committed 58240K, reserved 1099776K
  class space    used 7375K, capacity 7985K, committed 8064K, reserved 1048576K
}

